Control_L
t
e
n
t
space
r
e
n
n
e
s
Return
e
j
a
n
o
t
Tab
Shift_L
L
o
u
Shift_L
M
i
l
a
Shift_L
eacute
agrave
agrave
ampersand
Return
Return
[65027]
quotedbl
a
c
i
BackSpace
t
i
v
a
t
e
space
t
h
i
s
space
c
o
d
e
space
w
h
e
n
space
t
h
e
space
p
c
space
s
t
Tab
Return
Tab
Return
BackSpace
BackSpace
BackSpace
BackSpace
BackSpace
BackSpace
BackSpace
BackSpace
BackSpace
BackSpace
BackSpace
BackSpace
BackSpace
BackSpace
BackSpace
BackSpace
BackSpace
BackSpace
BackSpace
BackSpace
BackSpace
BackSpace
BackSpace
BackSpace
BackSpace
BackSpace
BackSpace
BackSpace
BackSpace
BackSpace
BackSpace
Control_L
c
k
i
l
l
space
BackSpace
BackSpace
BackSpace
BackSpace
BackSpace
BackSpace
Control_L
c
